<?xml version="1.0" encoding="UTF-8" ?>
<testsuite failures="0" time="0.28" errors="0" skipped="0" tests="8" name="TestSuite">
  <properties>
[...]
</properties>
  <testcase time="0.134" classname="com.summerclass.integrationtest.ClubTest" name="testGetClubs"/>
  <testcase time="0.006" classname="com.summerclass.integrationtest.EmployeeTest" name="testGetEmployees"/>
  <testcase time="0.013" classname="com.summerclass.integrationtest.EventTest" name="getEventSessions"/>
  <testcase time="0.04" classname="com.summerclass.integrationtest.EventTest" name="getFilteredEventSessions"/>
  <testcase time="0.044" classname="com.summerclass.integrationtest.EventTest" name="testCreateEventSession"/>
  <testcase time="0.013" classname="com.summerclass.integrationtest.EventTest" name="testGetEventTypes"/>
  <testcase time="0.006" classname="com.summerclass.integrationtest.MemberTest" name="testGetMemberByUserNameAndPassword"/>
  <testcase time="0.024" classname="com.summerclass.integrationtest.MemberTest" name="testGetMembers"/>
</testsuite>