<?xml version="1.0" encoding="UTF-8" ?>
<testsuite failures="3" time="3.827" errors="0" skipped="0" tests="29" name="TestSuite">
  <properties>
[...]
</properties>
  <testcase time="0.097" classname="com.summerclass.integrationtest.AjaxTest" name="testCountCharacters"/>
  <testcase time="0.271" classname="com.summerclass.integrationtest.AjaxTest" name="testGetEmployees"/>
  <testcase time="0.009" classname="com.summerclass.integrationtest.AjaxTest" name="testLogin"/>
  <testcase time="0.002" classname="com.summerclass.integrationtest.AjaxTest" name="testMeaningOfLife"/>
  <testcase time="0.001" classname="com.summerclass.integrationtest.AjaxTest" name="testReverse"/>
  <testcase time="0.067" classname="com.summerclass.integrationtest.ClubTest" name="getClubIdFailure"/>
  <testcase time="0.007" classname="com.summerclass.integrationtest.ClubTest" name="testGetClub"/>
  <testcase time="0.006" classname="com.summerclass.integrationtest.ClubTest" name="testGetClubNumbers"/>
  <testcase time="0.009" classname="com.summerclass.integrationtest.ClubTest" name="testGetClubSafe"/>
  <testcase time="0.002" classname="com.summerclass.integrationtest.ClubTest" name="testGetClubs"/>
  <testcase time="0.002" classname="com.summerclass.integrationtest.ClubTest" name="testGetCount"/>
  <testcase time="0.003" classname="com.summerclass.integrationtest.ClubTest" name="testGetIdAndNumber"/>
  <testcase time="0.004" classname="com.summerclass.integrationtest.ClubTest" name="testGetIds"/>
  <testcase time="0.008" classname="com.summerclass.integrationtest.ClubTest" name="testGetName"/>
  <testcase time="0.008" classname="com.summerclass.integrationtest.ClubTest" name="testGetNameSafe"/>
  <testcase time="0.004" classname="com.summerclass.integrationtest.ControllerTest" name="testAddEmployee">
    <failure message="Status expected:&lt;200&gt; but was:&lt;302&gt;" type="java.lang.AssertionError">java.lang.AssertionError: Status expected:&lt;200&gt; but was:&lt;302&gt;
	at org.springframework.test.util.AssertionErrors.fail(AssertionErrors.java:60)
	at org.springframework.test.util.AssertionErrors.assertEquals(AssertionErrors.java:89)
	at org.springframework.test.web.servlet.result.StatusResultMatchers$5.match(StatusResultMatchers.java:549)
	at org.springframework.test.web.servlet.MockMvc.applyDefaultResultActions(MockMvc.java:159)
	at org.springframework.test.web.servlet.MockMvc.perform(MockMvc.java:136)
	at com.summerclass.integrationtest.ControllerTest.verifyControllerResult1(ControllerTest.java:115)
	at com.summerclass.integrationtest.ControllerTest.verifyControllerResult(ControllerTest.java:79)
	at com.summerclass.integrationtest.ControllerTest.testAddEmployee(ControllerTest.java:70)
</failure>
    <system-out>Request: /addEmployee.spr
</system-out>
  </testcase>
  <testcase time="0.002" classname="com.summerclass.integrationtest.ControllerTest" name="testAddEventType">
    <failure message="Status expected:&lt;200&gt; but was:&lt;302&gt;" type="java.lang.AssertionError">java.lang.AssertionError: Status expected:&lt;200&gt; but was:&lt;302&gt;
	at org.springframework.test.util.AssertionErrors.fail(AssertionErrors.java:60)
	at org.springframework.test.util.AssertionErrors.assertEquals(AssertionErrors.java:89)
	at org.springframework.test.web.servlet.result.StatusResultMatchers$5.match(StatusResultMatchers.java:549)
	at org.springframework.test.web.servlet.MockMvc.applyDefaultResultActions(MockMvc.java:159)
	at org.springframework.test.web.servlet.MockMvc.perform(MockMvc.java:136)
	at com.summerclass.integrationtest.ControllerTest.verifyControllerResult1(ControllerTest.java:115)
	at com.summerclass.integrationtest.ControllerTest.verifyControllerResult(ControllerTest.java:79)
	at com.summerclass.integrationtest.ControllerTest.testAddEventType(ControllerTest.java:56)
</failure>
    <system-out>Request: /addEventType.spr
</system-out>
  </testcase>
  <testcase time="0.001" classname="com.summerclass.integrationtest.ControllerTest" name="testAddEventTypeNoName">
    <failure message="Status expected:&lt;200&gt; but was:&lt;302&gt;" type="java.lang.AssertionError">java.lang.AssertionError: Status expected:&lt;200&gt; but was:&lt;302&gt;
	at org.springframework.test.util.AssertionErrors.fail(AssertionErrors.java:60)
	at org.springframework.test.util.AssertionErrors.assertEquals(AssertionErrors.java:89)
	at org.springframework.test.web.servlet.result.StatusResultMatchers$5.match(StatusResultMatchers.java:549)
	at org.springframework.test.web.servlet.MockMvc.applyDefaultResultActions(MockMvc.java:159)
	at org.springframework.test.web.servlet.MockMvc.perform(MockMvc.java:136)
	at com.summerclass.integrationtest.ControllerTest.verifyControllerResult1(ControllerTest.java:115)
	at com.summerclass.integrationtest.ControllerTest.verifyControllerResult(ControllerTest.java:79)
	at com.summerclass.integrationtest.ControllerTest.testAddEventTypeNoName(ControllerTest.java:44)
</failure>
    <system-out>Request: /addEventType.spr
</system-out>
  </testcase>
  <testcase time="0.568" classname="com.summerclass.integrationtest.EventTest" name="testCreateEvents"/>
  <testcase time="0.107" classname="com.summerclass.integrationtest.EventTest" name="testDeleteEmployeeEvents"/>
  <testcase time="0.064" classname="com.summerclass.integrationtest.EventTest" name="testDeleteEvents"/>
  <testcase time="0.022" classname="com.summerclass.integrationtest.EventTest" name="testGetAll"/>
  <testcase time="0.012" classname="com.summerclass.integrationtest.EventTest" name="testGetEvent"/>
  <testcase time="0.015" classname="com.summerclass.integrationtest.EventTest" name="testGetRandomEventByStatus"/>
  <testcase time="0.004" classname="com.summerclass.integrationtest.EventTest" name="testGetRandomEventId"/>
  <testcase time="0.069" classname="com.summerclass.integrationtest.EventTest" name="testUpdateStatus"/>
  <testcase time="0" classname="com.summerclass.integrationtest.StringSupportTest" name="testAssertions"/>
  <testcase time="0" classname="com.summerclass.integrationtest.StringSupportTest" name="testNegativeGuid"/>
  <testcase time="0" classname="com.summerclass.integrationtest.StringSupportTest" name="testPositiveGuid"/>
</testsuite>