<?xml version="1.0" encoding="UTF-8"?>
<!-- Generated by org.testng.reporters.JUnitXMLReporter -->
<testsuite hostname="L125A2669" name="Command line test" tests="8" failures="0" timestamp="1 Aug 2014 13:23:16 GMT" time="1.41" errors="0">
  <testcase name="testGetClubs" time="0.133" classname="com.summerclass.integrationtest.ClubTest"/>
  <testcase name="testGetEmployees" time="0.006" classname="com.summerclass.integrationtest.EmployeeTest"/>
  <testcase name="getEventSessions" time="0.013" classname="com.summerclass.integrationtest.EventTest"/>
  <testcase name="getFilteredEventSessions" time="0.041" classname="com.summerclass.integrationtest.EventTest"/>
  <testcase name="testCreateEventSession" time="0.043" classname="com.summerclass.integrationtest.EventTest"/>
  <testcase name="testGetEventTypes" time="0.013" classname="com.summerclass.integrationtest.EventTest"/>
  <testcase name="testGetMemberByUserNameAndPassword" time="0.006" classname="com.summerclass.integrationtest.MemberTest"/>
  <testcase name="testGetMembers" time="0.024" classname="com.summerclass.integrationtest.MemberTest"/>
</testsuite>
